
AVRASM ver. 2.1.30  F:\Project Microproccer\Ù¾Ø±ÙˆÚ˜Ù‡ Ø³Ø§Ø¹Øª Ø¯ÛŒØ¬ÛŒØªØ§Ù„\code vision\Debug\List\Shervin khalili - Sadra trme baf.asm Fri May 27 23:53:09 2022

F:\Project Microproccer\Ù¾Ø±ÙˆÚ˜Ù‡ Ø³Ø§Ø¹Øª Ø¯ÛŒØ¬ÛŒØªØ§Ù„\code vision\Debug\List\Shervin khalili - Sadra trme baf.asm(1088): warning: Register r4 already defined by the .DEF directive
F:\Project Microproccer\Ù¾Ø±ÙˆÚ˜Ù‡ Ø³Ø§Ø¹Øª Ø¯ÛŒØ¬ÛŒØªØ§Ù„\code vision\Debug\List\Shervin khalili - Sadra trme baf.asm(1089): warning: Register r5 already defined by the .DEF directive
F:\Project Microproccer\Ù¾Ø±ÙˆÚ˜Ù‡ Ø³Ø§Ø¹Øª Ø¯ÛŒØ¬ÛŒØªØ§Ù„\code vision\Debug\List\Shervin khalili - Sadra trme baf.asm(1090): warning: Register r6 already defined by the .DEF directive
F:\Project Microproccer\Ù¾Ø±ÙˆÚ˜Ù‡ Ø³Ø§Ø¹Øª Ø¯ÛŒØ¬ÛŒØªØ§Ù„\code vision\Debug\List\Shervin khalili - Sadra trme baf.asm(1091): warning: Register r7 already defined by the .DEF directive
F:\Project Microproccer\Ù¾Ø±ÙˆÚ˜Ù‡ Ø³Ø§Ø¹Øª Ø¯ÛŒØ¬ÛŒØªØ§Ù„\code vision\Debug\List\Shervin khalili - Sadra trme baf.asm(1092): warning: Register r8 already defined by the .DEF directive
F:\Project Microproccer\Ù¾Ø±ÙˆÚ˜Ù‡ Ø³Ø§Ø¹Øª Ø¯ÛŒØ¬ÛŒØªØ§Ù„\code vision\Debug\List\Shervin khalili - Sadra trme baf.asm(1093): warning: Register r9 already defined by the .DEF directive
F:\Project Microproccer\Ù¾Ø±ÙˆÚ˜Ù‡ Ø³Ø§Ø¹Øª Ø¯ÛŒØ¬ÛŒØªØ§Ù„\code vision\Debug\List\Shervin khalili - Sadra trme baf.asm(1094): warning: Register r10 already defined by the .DEF directive
F:\Project Microproccer\Ù¾Ø±ÙˆÚ˜Ù‡ Ø³Ø§Ø¹Øª Ø¯ÛŒØ¬ÛŒØªØ§Ù„\code vision\Debug\List\Shervin khalili - Sadra trme baf.asm(1095): warning: Register r11 already defined by the .DEF directive
                 
                 
                 ;CodeVisionAVR C Compiler V3.12 Advanced
                 ;(C) Copyright 1998-2014 Pavel Haiduc, HP InfoTech s.r.l.
                 ;http://www.hpinfotech.com
                 
                 ;Build configuration    : Debug
                 ;Chip type              : ATmega32
                 ;Program type           : Application
                 ;Clock frequency        : 1/000000 MHz
                 ;Memory model           : Small
                 ;Optimize for           : Size
                 ;(s)printf features     : int, width
                 ;(s)scanf features      : int, width
                 ;External RAM size      : 0
                 ;Data Stack size        : 512 byte(s)
                 ;Heap size              : 0 byte(s)
                 ;Promote 'char' to 'int': Yes
                 ;'char' is unsigned     : Yes
                 ;8 bit enums            : Yes
                 ;Global 'const' stored in FLASH: No
                 ;Enhanced function parameter passing: Yes
                 ;Enhanced core instructions: On
                 ;Automatic register allocation for global variables: On
                 ;Smart register allocation: On
                 
                 	#define _MODEL_SMALL_
                 
                 	#pragma AVRPART ADMIN PART_NAME ATmega32
                 	#pragma AVRPART MEMORY PROG_FLASH 32768
                 	#pragma AVRPART MEMORY EEPROM 1024
                 	#pragma AVRPART MEMORY INT_SRAM SIZE 2048
                 	#pragma AVRPART MEMORY INT_SRAM START_ADDR 0x60
                 
                 	#define CALL_SUPPORTED 1
                 
                 	.LISTMAC
                 	.EQU UDRE=0x5
                 	.EQU RXC=0x7
                 	.EQU USR=0xB
                 	.EQU UDR=0xC
                 	.EQU SPSR=0xE
                 	.EQU SPDR=0xF
                 	.EQU EERE=0x0
                 	.EQU EEWE=0x1
                 	.EQU EEMWE=0x2
                 	.EQU EECR=0x1C
                 	.EQU EEDR=0x1D
                 	.EQU EEARL=0x1E
                 	.EQU EEARH=0x1F
                 	.EQU WDTCR=0x21
                 	.EQU MCUCR=0x35
                 	.EQU GICR=0x3B
                 	.EQU SPL=0x3D
                 	.EQU SPH=0x3E
                 	.EQU SREG=0x3F
                 
                 	.DEF R0X0=R0
                 	.DEF R0X1=R1
                 	.DEF R0X2=R2
                 	.DEF R0X3=R3
                 	.DEF R0X4=R4
                 	.DEF R0X5=R5
                 	.DEF R0X6=R6
                 	.DEF R0X7=R7
                 	.DEF R0X8=R8
                 	.DEF R0X9=R9
                 	.DEF R0XA=R10
                 	.DEF R0XB=R11
                 	.DEF R0XC=R12
                 	.DEF R0XD=R13
                 	.DEF R0XE=R14
                 	.DEF R0XF=R15
                 	.DEF R0X10=R16
                 	.DEF R0X11=R17
                 	.DEF R0X12=R18
                 	.DEF R0X13=R19
                 	.DEF R0X14=R20
                 	.DEF R0X15=R21
                 	.DEF R0X16=R22
                 	.DEF R0X17=R23
                 	.DEF R0X18=R24
                 	.DEF R0X19=R25
                 	.DEF R0X1A=R26
                 	.DEF R0X1B=R27
                 	.DEF R0X1C=R28
                 	.DEF R0X1D=R29
                 	.DEF R0X1E=R30
                 	.DEF R0X1F=R31
                 
                 	.EQU __SRAM_START=0x0060
                 	.EQU __SRAM_END=0x085F
                 	.EQU __DSTACK_SIZE=0x0200
                 	.EQU __HEAP_SIZE=0x0000
                 	.EQU __CLEAR_SRAM_SIZE=__SRAM_END-__SRAM_START+1
                 
                 	.MACRO __CPD1N
                 	CPI  R30,LOW(@0)
                 	LDI  R26,HIGH(@0)
                 	CPC  R31,R26
                 	LDI  R26,BYTE3(@0)
                 	CPC  R22,R26
                 	LDI  R26,BYTE4(@0)
                 	CPC  R23,R26
                 	.ENDM
                 
                 	.MACRO __CPD2N
                 	CPI  R26,LOW(@0)
                 	LDI  R30,HIGH(@0)
                 	CPC  R27,R30
                 	LDI  R30,BYTE3(@0)
                 	CPC  R24,R30
                 	LDI  R30,BYTE4(@0)
                 	CPC  R25,R30
                 	.ENDM
                 
                 	.MACRO __CPWRR
                 	CP   R@0,R@2
                 	CPC  R@1,R@3
                 	.ENDM
                 
                 	.MACRO __CPWRN
                 	CPI  R@0,LOW(@2)
                 	LDI  R30,HIGH(@2)
                 	CPC  R@1,R30
                 	.ENDM
                 
                 	.MACRO __ADDB1MN
                 	SUBI R30,LOW(-@0-(@1))
                 	.ENDM
                 
                 	.MACRO __ADDB2MN
                 	SUBI R26,LOW(-@0-(@1))
                 	.ENDM
                 
                 	.MACRO __ADDW1MN
                 	SUBI R30,LOW(-@0-(@1))
                 	SBCI R31,HIGH(-@0-(@1))
                 	.ENDM
                 
                 	.MACRO __ADDW2MN
                 	SUBI R26,LOW(-@0-(@1))
                 	SBCI R27,HIGH(-@0-(@1))
                 	.ENDM
                 
                 	.MACRO __ADDW1FN
                 	SUBI R30,LOW(-2*@0-(@1))
                 	SBCI R31,HIGH(-2*@0-(@1))
                 	.ENDM
                 
                 	.MACRO __ADDD1FN
                 	SUBI R30,LOW(-2*@0-(@1))
                 	SBCI R31,HIGH(-2*@0-(@1))
                 	SBCI R22,BYTE3(-2*@0-(@1))
                 	.ENDM
                 
                 	.MACRO __ADDD1N
                 	SUBI R30,LOW(-@0)
                 	SBCI R31,HIGH(-@0)
                 	SBCI R22,BYTE3(-@0)
                 	SBCI R23,BYTE4(-@0)
                 	.ENDM
                 
                 	.MACRO __ADDD2N
                 	SUBI R26,LOW(-@0)
                 	SBCI R27,HIGH(-@0)
                 	SBCI R24,BYTE3(-@0)
                 	SBCI R25,BYTE4(-@0)
                 	.ENDM
                 
                 	.MACRO __SUBD1N
                 	SUBI R30,LOW(@0)
                 	SBCI R31,HIGH(@0)
                 	SBCI R22,BYTE3(@0)
                 	SBCI R23,BYTE4(@0)
                 	.ENDM
                 
                 	.MACRO __SUBD2N
                 	SUBI R26,LOW(@0)
                 	SBCI R27,HIGH(@0)
                 	SBCI R24,BYTE3(@0)
                 	SBCI R25,BYTE4(@0)
                 	.ENDM
                 
                 	.MACRO __ANDBMNN
                 	LDS  R30,@0+(@1)
                 	ANDI R30,LOW(@2)
                 	STS  @0+(@1),R30
                 	.ENDM
                 
                 	.MACRO __ANDWMNN
                 	LDS  R30,@0+(@1)
                 	ANDI R30,LOW(@2)
                 	STS  @0+(@1),R30
                 	LDS  R30,@0+(@1)+1
                 	ANDI R30,HIGH(@2)
                 	STS  @0+(@1)+1,R30
                 	.ENDM
                 
                 	.MACRO __ANDD1N
                 	ANDI R30,LOW(@0)
                 	ANDI R31,HIGH(@0)
                 	ANDI R22,BYTE3(@0)
                 	ANDI R23,BYTE4(@0)
                 	.ENDM
                 
                 	.MACRO __ANDD2N
                 	ANDI R26,LOW(@0)
                 	ANDI R27,HIGH(@0)
                 	ANDI R24,BYTE3(@0)
                 	ANDI R25,BYTE4(@0)
                 	.ENDM
                 
                 	.MACRO __ORBMNN
                 	LDS  R30,@0+(@1)
                 	ORI  R30,LOW(@2)
                 	STS  @0+(@1),R30
                 	.ENDM
                 
                 	.MACRO __ORWMNN
                 	LDS  R30,@0+(@1)
                 	ORI  R30,LOW(@2)
                 	STS  @0+(@1),R30
                 	LDS  R30,@0+(@1)+1
                 	ORI  R30,HIGH(@2)
                 	STS  @0+(@1)+1,R30
                 	.ENDM
                 
                 	.MACRO __ORD1N
                 	ORI  R30,LOW(@0)
                 	ORI  R31,HIGH(@0)
                 	ORI  R22,BYTE3(@0)
                 	ORI  R23,BYTE4(@0)
                 	.ENDM
                 
                 	.MACRO __ORD2N
                 	ORI  R26,LOW(@0)
                 	ORI  R27,HIGH(@0)
                 	ORI  R24,BYTE3(@0)
                 	ORI  R25,BYTE4(@0)
                 	.ENDM
                 
                 	.MACRO __DELAY_USB
                 	LDI  R24,LOW(@0)
                 __DELAY_USB_LOOP:
                 	DEC  R24
                 	BRNE __DELAY_USB_LOOP
                 	.ENDM
                 
                 	.MACRO __DELAY_USW
                 	LDI  R24,LOW(@0)
                 	LDI  R25,HIGH(@0)
                 __DELAY_USW_LOOP:
                 	SBIW R24,1
                 	BRNE __DELAY_USW_LOOP
                 	.ENDM
                 
                 	.MACRO __GETD1S
                 	LDD  R30,Y+@0
                 	LDD  R31,Y+@0+1
                 	LDD  R22,Y+@0+2
                 	LDD  R23,Y+@0+3
                 	.ENDM
                 
                 	.MACRO __GETD2S
                 	LDD  R26,Y+@0
                 	LDD  R27,Y+@0+1
                 	LDD  R24,Y+@0+2
                 	LDD  R25,Y+@0+3
                 	.ENDM
                 
                 	.MACRO __PUTD1S
                 	STD  Y+@0,R30
                 	STD  Y+@0+1,R31
                 	STD  Y+@0+2,R22
                 	STD  Y+@0+3,R23
                 	.ENDM
                 
                 	.MACRO __PUTD2S
                 	STD  Y+@0,R26
                 	STD  Y+@0+1,R27
                 	STD  Y+@0+2,R24
                 	STD  Y+@0+3,R25
                 	.ENDM
                 
                 	.MACRO __PUTDZ2
                 	STD  Z+@0,R26
                 	STD  Z+@0+1,R27
                 	STD  Z+@0+2,R24
                 	STD  Z+@0+3,R25
                 	.ENDM
                 
                 	.MACRO __CLRD1S
                 	STD  Y+@0,R30
                 	STD  Y+@0+1,R30
                 	STD  Y+@0+2,R30
                 	STD  Y+@0+3,R30
                 	.ENDM
                 
                 	.MACRO __POINTB1MN
                 	LDI  R30,LOW(@0+(@1))
                 	.ENDM
                 
                 	.MACRO __POINTW1MN
                 	LDI  R30,LOW(@0+(@1))
                 	LDI  R31,HIGH(@0+(@1))
                 	.ENDM
                 
                 	.MACRO __POINTD1M
                 	LDI  R30,LOW(@0)
                 	LDI  R31,HIGH(@0)
                 	LDI  R22,BYTE3(@0)
                 	LDI  R23,BYTE4(@0)
                 	.ENDM
                 
                 	.MACRO __POINTW1FN
                 	LDI  R30,LOW(2*@0+(@1))
                 	LDI  R31,HIGH(2*@0+(@1))
                 	.ENDM
                 
                 	.MACRO __POINTD1FN
                 	LDI  R30,LOW(2*@0+(@1))
                 	LDI  R31,HIGH(2*@0+(@1))
                 	LDI  R22,BYTE3(2*@0+(@1))
                 	LDI  R23,BYTE4(2*@0+(@1))
                 	.ENDM
                 
                 	.MACRO __POINTB2MN
                 	LDI  R26,LOW(@0+(@1))
                 	.ENDM
                 
                 	.MACRO __POINTW2MN
                 	LDI  R26,LOW(@0+(@1))
                 	LDI  R27,HIGH(@0+(@1))
                 	.ENDM
                 
                 	.MACRO __POINTW2FN
                 	LDI  R26,LOW(2*@0+(@1))
                 	LDI  R27,HIGH(2*@0+(@1))
                 	.ENDM
                 
                 	.MACRO __POINTD2FN
                 	LDI  R26,LOW(2*@0+(@1))
                 	LDI  R27,HIGH(2*@0+(@1))
                 	LDI  R24,BYTE3(2*@0+(@1))
                 	LDI  R25,BYTE4(2*@0+(@1))
                 	.ENDM
                 
                 	.MACRO __POINTBRM
                 	LDI  R@0,LOW(@1)
                 	.ENDM
                 
                 	.MACRO __POINTWRM
                 	LDI  R@0,LOW(@2)
                 	LDI  R@1,HIGH(@2)
                 	.ENDM
                 
                 	.MACRO __POINTBRMN
                 	LDI  R@0,LOW(@1+(@2))
                 	.ENDM
                 
                 	.MACRO __POINTWRMN
                 	LDI  R@0,LOW(@2+(@3))
                 	LDI  R@1,HIGH(@2+(@3))
                 	.ENDM
                 
                 	.MACRO __POINTWRFN
                 	LDI  R@0,LOW(@2*2+(@3))
                 	LDI  R@1,HIGH(@2*2+(@3))
                 	.ENDM
                 
                 	.MACRO __GETD1N
                 	LDI  R30,LOW(@0)
                 	LDI  R31,HIGH(@0)
                 	LDI  R22,BYTE3(@0)
                 	LDI  R23,BYTE4(@0)
                 	.ENDM
                 
                 	.MACRO __GETD2N
                 	LDI  R26,LOW(@0)
                 	LDI  R27,HIGH(@0)
                 	LDI  R24,BYTE3(@0)
                 	LDI  R25,BYTE4(@0)
                 	.ENDM
                 
                 	.MACRO __GETB1MN
                 	LDS  R30,@0+(@1)
                 	.ENDM
                 
                 	.MACRO __GETB1HMN
                 	LDS  R31,@0+(@1)
                 	.ENDM
                 
                 	.MACRO __GETW1MN
                 	LDS  R30,@0+(@1)
                 	LDS  R31,@0+(@1)+1
                 	.ENDM
                 
                 	.MACRO __GETD1MN
                 	LDS  R30,@0+(@1)
                 	LDS  R31,@0+(@1)+1
                 	LDS  R22,@0+(@1)+2
                 	LDS  R23,@0+(@1)+3
                 	.ENDM
                 
                 	.MACRO __GETBRMN
                 	LDS  R@0,@1+(@2)
                 	.ENDM
                 
                 	.MACRO __GETWRMN
                 	LDS  R@0,@2+(@3)
                 	LDS  R@1,@2+(@3)+1
                 	.ENDM
                 
                 	.MACRO __GETWRZ
                 	LDD  R@0,Z+@2
                 	LDD  R@1,Z+@2+1
                 	.ENDM
                 
                 	.MACRO __GETD2Z
                 	LDD  R26,Z+@0
                 	LDD  R27,Z+@0+1
                 	LDD  R24,Z+@0+2
                 	LDD  R25,Z+@0+3
                 	.ENDM
                 
                 	.MACRO __GETB2MN
                 	LDS  R26,@0+(@1)
                 	.ENDM
                 
                 	.MACRO __GETW2MN
                 	LDS  R26,@0+(@1)
                 	LDS  R27,@0+(@1)+1
                 	.ENDM
                 
                 	.MACRO __GETD2MN
                 	LDS  R26,@0+(@1)
                 	LDS  R27,@0+(@1)+1
                 	LDS  R24,@0+(@1)+2
                 	LDS  R25,@0+(@1)+3
                 	.ENDM
                 
                 	.MACRO __PUTB1MN
                 	STS  @0+(@1),R30
                 	.ENDM
                 
                 	.MACRO __PUTW1MN
                 	STS  @0+(@1),R30
                 	STS  @0+(@1)+1,R31
                 	.ENDM
                 
                 	.MACRO __PUTD1MN
                 	STS  @0+(@1),R30
                 	STS  @0+(@1)+1,R31
                 	STS  @0+(@1)+2,R22
                 	STS  @0+(@1)+3,R23
                 	.ENDM
                 
                 	.MACRO __PUTB1EN
                 	LDI  R26,LOW(@0+(@1))
                 	LDI  R27,HIGH(@0+(@1))
                 	CALL __EEPROMWRB
                 	.ENDM
                 
                 	.MACRO __PUTW1EN
                 	LDI  R26,LOW(@0+(@1))
                 	LDI  R27,HIGH(@0+(@1))
                 	CALL __EEPROMWRW
                 	.ENDM
                 
                 	.MACRO __PUTD1EN
                 	LDI  R26,LOW(@0+(@1))
                 	LDI  R27,HIGH(@0+(@1))
                 	CALL __EEPROMWRD
                 	.ENDM
                 
                 	.MACRO __PUTBR0MN
                 	STS  @0+(@1),R0
                 	.ENDM
                 
                 	.MACRO __PUTBMRN
                 	STS  @0+(@1),R@2
                 	.ENDM
                 
                 	.MACRO __PUTWMRN
                 	STS  @0+(@1),R@2
                 	STS  @0+(@1)+1,R@3
                 	.ENDM
                 
                 	.MACRO __PUTBZR
                 	STD  Z+@1,R@0
                 	.ENDM
                 
                 	.MACRO __PUTWZR
                 	STD  Z+@2,R@0
                 	STD  Z+@2+1,R@1
                 	.ENDM
                 
                 	.MACRO __GETW1R
                 	MOV  R30,R@0
                 	MOV  R31,R@1
                 	.ENDM
                 
                 	.MACRO __GETW2R
                 	MOV  R26,R@0
                 	MOV  R27,R@1
                 	.ENDM
                 
                 	.MACRO __GETWRN
                 	LDI  R@0,LOW(@2)
                 	LDI  R@1,HIGH(@2)
                 	.ENDM
                 
                 	.MACRO __PUTW1R
                 	MOV  R@0,R30
                 	MOV  R@1,R31
                 	.ENDM
                 
                 	.MACRO __PUTW2R
                 	MOV  R@0,R26
                 	MOV  R@1,R27
                 	.ENDM
                 
                 	.MACRO __ADDWRN
                 	SUBI R@0,LOW(-@2)
                 	SBCI R@1,HIGH(-@2)
                 	.ENDM
                 
                 	.MACRO __ADDWRR
                 	ADD  R@0,R@2
                 	ADC  R@1,R@3
                 	.ENDM
                 
                 	.MACRO __SUBWRN
                 	SUBI R@0,LOW(@2)
                 	SBCI R@1,HIGH(@2)
                 	.ENDM
                 
                 	.MACRO __SUBWRR
                 	SUB  R@0,R@2
                 	SBC  R@1,R@3
                 	.ENDM
                 
                 	.MACRO __ANDWRN
                 	ANDI R@0,LOW(@2)
                 	ANDI R@1,HIGH(@2)
                 	.ENDM
                 
                 	.MACRO __ANDWRR
                 	AND  R@0,R@2
                 	AND  R@1,R@3
                 	.ENDM
                 
                 	.MACRO __ORWRN
                 	ORI  R@0,LOW(@2)
                 	ORI  R@1,HIGH(@2)
                 	.ENDM
                 
                 	.MACRO __ORWRR
                 	OR   R@0,R@2
                 	OR   R@1,R@3
                 	.ENDM
                 
                 	.MACRO __EORWRR
                 	EOR  R@0,R@2
                 	EOR  R@1,R@3
                 	.ENDM
                 
                 	.MACRO __GETWRS
                 	LDD  R@0,Y+@2
                 	LDD  R@1,Y+@2+1
                 	.ENDM
                 
                 	.MACRO __PUTBSR
                 	STD  Y+@1,R@0
                 	.ENDM
                 
                 	.MACRO __PUTWSR
                 	STD  Y+@2,R@0
                 	STD  Y+@2+1,R@1
                 	.ENDM
                 
                 	.MACRO __MOVEWRR
                 	MOV  R@0,R@2
                 	MOV  R@1,R@3
                 	.ENDM
                 
                 	.MACRO __INWR
                 	IN   R@0,@2
                 	IN   R@1,@2+1
                 	.ENDM
                 
                 	.MACRO __OUTWR
                 	OUT  @2+1,R@1
                 	OUT  @2,R@0
                 	.ENDM
                 
                 	.MACRO __CALL1MN
                 	LDS  R30,@0+(@1)
                 	LDS  R31,@0+(@1)+1
                 	ICALL
                 	.ENDM
                 
                 	.MACRO __CALL1FN
                 	LDI  R30,LOW(2*@0+(@1))
                 	LDI  R31,HIGH(2*@0+(@1))
                 	CALL __GETW1PF
                 	ICALL
                 	.ENDM
                 
                 	.MACRO __CALL2EN
                 	PUSH R26
                 	PUSH R27
                 	LDI  R26,LOW(@0+(@1))
                 	LDI  R27,HIGH(@0+(@1))
                 	CALL __EEPROMRDW
                 	POP  R27
                 	POP  R26
                 	ICALL
                 	.ENDM
                 
                 	.MACRO __CALL2EX
                 	SUBI R26,LOW(-@0)
                 	SBCI R27,HIGH(-@0)
                 	CALL __EEPROMRDD
                 	ICALL
                 	.ENDM
                 
                 	.MACRO __GETW1STACK
                 	IN   R30,SPL
                 	IN   R31,SPH
                 	ADIW R30,@0+1
                 	LD   R0,Z+
                 	LD   R31,Z
                 	MOV  R30,R0
                 	.ENDM
                 
                 	.MACRO __GETD1STACK
                 	IN   R30,SPL
                 	IN   R31,SPH
                 	ADIW R30,@0+1
                 	LD   R0,Z+
                 	LD   R1,Z+
                 	LD   R22,Z
                 	MOVW R30,R0
                 	.ENDM
                 
                 	.MACRO __NBST
                 	BST  R@0,@1
                 	IN   R30,SREG
                 	LDI  R31,0x40
                 	EOR  R30,R31
                 	OUT  SREG,R30
                 	.ENDM
                 
                 
                 	.MACRO __PUTB1SN
                 	LDD  R26,Y+@0
                 	LDD  R27,Y+@0+1
                 	SUBI R26,LOW(-@1)
                 	SBCI R27,HIGH(-@1)
                 	ST   X,R30
                 	.ENDM
                 
                 	.MACRO __PUTW1SN
                 	LDD  R26,Y+@0
                 	LDD  R27,Y+@0+1
                 	SUBI R26,LOW(-@1)
                 	SBCI R27,HIGH(-@1)
                 	ST   X+,R30
                 	ST   X,R31
                 	.ENDM
                 
                 	.MACRO __PUTD1SN
                 	LDD  R26,Y+@0
                 	LDD  R27,Y+@0+1
                 	SUBI R26,LOW(-@1)
                 	SBCI R27,HIGH(-@1)
                 	CALL __PUTDP1
                 	.ENDM
                 
                 	.MACRO __PUTB1SNS
                 	LDD  R26,Y+@0
                 	LDD  R27,Y+@0+1
                 	ADIW R26,@1
                 	ST   X,R30
                 	.ENDM
                 
                 	.MACRO __PUTW1SNS
                 	LDD  R26,Y+@0
                 	LDD  R27,Y+@0+1
                 	ADIW R26,@1
                 	ST   X+,R30
                 	ST   X,R31
                 	.ENDM
                 
                 	.MACRO __PUTD1SNS
                 	LDD  R26,Y+@0
                 	LDD  R27,Y+@0+1
                 	ADIW R26,@1
                 	CALL __PUTDP1
                 	.ENDM
                 
                 	.MACRO __PUTB1PMN
                 	LDS  R26,@0
                 	LDS  R27,@0+1
                 	SUBI R26,LOW(-@1)
                 	SBCI R27,HIGH(-@1)
                 	ST   X,R30
                 	.ENDM
                 
                 	.MACRO __PUTW1PMN
                 	LDS  R26,@0
                 	LDS  R27,@0+1
                 	SUBI R26,LOW(-@1)
                 	SBCI R27,HIGH(-@1)
                 	ST   X+,R30
                 	ST   X,R31
                 	.ENDM
                 
                 	.MACRO __PUTD1PMN
                 	LDS  R26,@0
                 	LDS  R27,@0+1
                 	SUBI R26,LOW(-@1)
                 	SBCI R27,HIGH(-@1)
                 	CALL __PUTDP1
                 	.ENDM
                 
                 	.MACRO __PUTB1PMNS
                 	LDS  R26,@0
                 	LDS  R27,@0+1
                 	ADIW R26,@1
                 	ST   X,R30
                 	.ENDM
                 
                 	.MACRO __PUTW1PMNS
                 	LDS  R26,@0
                 	LDS  R27,@0+1
                 	ADIW R26,@1
                 	ST   X+,R30
                 	ST   X,R31
                 	.ENDM
                 
                 	.MACRO __PUTD1PMNS
                 	LDS  R26,@0
                 	LDS  R27,@0+1
                 	ADIW R26,@1
                 	CALL __PUTDP1
                 	.ENDM
                 
                 	.MACRO __PUTB1RN
                 	MOVW R26,R@0
                 	SUBI R26,LOW(-@1)
                 	SBCI R27,HIGH(-@1)
                 	ST   X,R30
                 	.ENDM
                 
                 	.MACRO __PUTW1RN
                 	MOVW R26,R@0
                 	SUBI R26,LOW(-@1)
                 	SBCI R27,HIGH(-@1)
                 	ST   X+,R30
                 	ST   X,R31
                 	.ENDM
                 
                 	.MACRO __PUTD1RN
                 	MOVW R26,R@0
                 	SUBI R26,LOW(-@1)
                 	SBCI R27,HIGH(-@1)
                 	CALL __PUTDP1
                 	.ENDM
                 
                 	.MACRO __PUTB1RNS
                 	MOVW R26,R@0
                 	ADIW R26,@1
                 	ST   X,R30
                 	.ENDM
                 
                 	.MACRO __PUTW1RNS
                 	MOVW R26,R@0
                 	ADIW R26,@1
                 	ST   X+,R30
                 	ST   X,R31
                 	.ENDM
                 
                 	.MACRO __PUTD1RNS
                 	MOVW R26,R@0
                 	ADIW R26,@1
                 	CALL __PUTDP1
                 	.ENDM
                 
                 	.MACRO __PUTB1RON
                 	MOV  R26,R@0
                 	MOV  R27,R@1
                 	SUBI R26,LOW(-@2)
                 	SBCI R27,HIGH(-@2)
                 	ST   X,R30
                 	.ENDM
                 
                 	.MACRO __PUTW1RON
                 	MOV  R26,R@0
                 	MOV  R27,R@1
                 	SUBI R26,LOW(-@2)
                 	SBCI R27,HIGH(-@2)
                 	ST   X+,R30
                 	ST   X,R31
                 	.ENDM
                 
                 	.MACRO __PUTD1RON
                 	MOV  R26,R@0
                 	MOV  R27,R@1
                 	SUBI R26,LOW(-@2)
                 	SBCI R27,HIGH(-@2)
                 	CALL __PUTDP1
                 	.ENDM
                 
                 	.MACRO __PUTB1RONS
                 	MOV  R26,R@0
                 	MOV  R27,R@1
                 	ADIW R26,@2
                 	ST   X,R30
                 	.ENDM
                 
                 	.MACRO __PUTW1RONS
                 	MOV  R26,R@0
                 	MOV  R27,R@1
                 	ADIW R26,@2
                 	ST   X+,R30
                 	ST   X,R31
                 	.ENDM
                 
                 	.MACRO __PUTD1RONS
                 	MOV  R26,R@0
                 	MOV  R27,R@1
                 	ADIW R26,@2
                 	CALL __PUTDP1
                 	.ENDM
                 
                 
                 	.MACRO __GETB1SX
                 	MOVW R30,R28
                 	SUBI R30,LOW(-@0)
                 	SBCI R31,HIGH(-@0)
                 	LD   R30,Z
                 	.ENDM
                 
                 	.MACRO __GETB1HSX
                 	MOVW R30,R28
                 	SUBI R30,LOW(-@0)
                 	SBCI R31,HIGH(-@0)
                 	LD   R31,Z
                 	.ENDM
                 
                 	.MACRO __GETW1SX
                 	MOVW R30,R28
                 	SUBI R30,LOW(-@0)
                 	SBCI R31,HIGH(-@0)
                 	LD   R0,Z+
                 	LD   R31,Z
                 	MOV  R30,R0
                 	.ENDM
                 
                 	.MACRO __GETD1SX
                 	MOVW R30,R28
                 	SUBI R30,LOW(-@0)
                 	SBCI R31,HIGH(-@0)
                 	LD   R0,Z+
                 	LD   R1,Z+
                 	LD   R22,Z+
                 	LD   R23,Z
                 	MOVW R30,R0
                 	.ENDM
                 
                 	.MACRO __GETB2SX
                 	MOVW R26,R28
                 	SUBI R26,LOW(-@0)
                 	SBCI R27,HIGH(-@0)
                 	LD   R26,X
                 	.ENDM
                 
                 	.MACRO __GETW2SX
                 	MOVW R26,R28
                 	SUBI R26,LOW(-@0)
                 	SBCI R27,HIGH(-@0)
                 	LD   R0,X+
                 	LD   R27,X
                 	MOV  R26,R0
                 	.ENDM
                 
                 	.MACRO __GETD2SX
                 	MOVW R26,R28
                 	SUBI R26,LOW(-@0)
                 	SBCI R27,HIGH(-@0)
                 	LD   R0,X+
                 	LD   R1,X+
                 	LD   R24,X+
                 	LD   R25,X
                 	MOVW R26,R0
                 	.ENDM
                 
                 	.MACRO __GETBRSX
                 	MOVW R30,R28
                 	SUBI R30,LOW(-@1)
                 	SBCI R31,HIGH(-@1)
                 	LD   R@0,Z
                 	.ENDM
                 
                 	.MACRO __GETWRSX
                 	MOVW R30,R28
                 	SUBI R30,LOW(-@2)
                 	SBCI R31,HIGH(-@2)
                 	LD   R@0,Z+
                 	LD   R@1,Z
                 	.ENDM
                 
                 	.MACRO __GETBRSX2
                 	MOVW R26,R28
                 	SUBI R26,LOW(-@1)
                 	SBCI R27,HIGH(-@1)
                 	LD   R@0,X
                 	.ENDM
                 
                 	.MACRO __GETWRSX2
                 	MOVW R26,R28
                 	SUBI R26,LOW(-@2)
                 	SBCI R27,HIGH(-@2)
                 	LD   R@0,X+
                 	LD   R@1,X
                 	.ENDM
                 
                 	.MACRO __LSLW8SX
                 	MOVW R30,R28
                 	SUBI R30,LOW(-@0)
                 	SBCI R31,HIGH(-@0)
                 	LD   R31,Z
                 	CLR  R30
                 	.ENDM
                 
                 	.MACRO __PUTB1SX
                 	MOVW R26,R28
                 	SUBI R26,LOW(-@0)
                 	SBCI R27,HIGH(-@0)
                 	ST   X,R30
                 	.ENDM
                 
                 	.MACRO __PUTW1SX
                 	MOVW R26,R28
                 	SUBI R26,LOW(-@0)
                 	SBCI R27,HIGH(-@0)
                 	ST   X+,R30
                 	ST   X,R31
                 	.ENDM
                 
                 	.MACRO __PUTD1SX
                 	MOVW R26,R28
                 	SUBI R26,LOW(-@0)
                 	SBCI R27,HIGH(-@0)
                 	ST   X+,R30
                 	ST   X+,R31
                 	ST   X+,R22
                 	ST   X,R23
                 	.ENDM
                 
                 	.MACRO __CLRW1SX
                 	MOVW R26,R28
                 	SUBI R26,LOW(-@0)
                 	SBCI R27,HIGH(-@0)
                 	ST   X+,R30
                 	ST   X,R30
                 	.ENDM
                 
                 	.MACRO __CLRD1SX
                 	MOVW R26,R28
                 	SUBI R26,LOW(-@0)
                 	SBCI R27,HIGH(-@0)
                 	ST   X+,R30
                 	ST   X+,R30
                 	ST   X+,R30
                 	ST   X,R30
                 	.ENDM
                 
                 	.MACRO __PUTB2SX
                 	MOVW R30,R28
                 	SUBI R30,LOW(-@0)
                 	SBCI R31,HIGH(-@0)
                 	ST   Z,R26
                 	.ENDM
                 
                 	.MACRO __PUTW2SX
                 	MOVW R30,R28
                 	SUBI R30,LOW(-@0)
                 	SBCI R31,HIGH(-@0)
                 	ST   Z+,R26
                 	ST   Z,R27
                 	.ENDM
                 
                 	.MACRO __PUTD2SX
                 	MOVW R30,R28
                 	SUBI R30,LOW(-@0)
                 	SBCI R31,HIGH(-@0)
                 	ST   Z+,R26
                 	ST   Z+,R27
                 	ST   Z+,R24
                 	ST   Z,R25
                 	.ENDM
                 
                 	.MACRO __PUTBSRX
                 	MOVW R30,R28
                 	SUBI R30,LOW(-@1)
                 	SBCI R31,HIGH(-@1)
                 	ST   Z,R@0
                 	.ENDM
                 
                 	.MACRO __PUTWSRX
                 	MOVW R30,R28
                 	SUBI R30,LOW(-@2)
                 	SBCI R31,HIGH(-@2)
                 	ST   Z+,R@0
                 	ST   Z,R@1
                 	.ENDM
                 
                 	.MACRO __PUTB1SNX
                 	MOVW R26,R28
                 	SUBI R26,LOW(-@0)
                 	SBCI R27,HIGH(-@0)
                 	LD   R0,X+
                 	LD   R27,X
                 	MOV  R26,R0
                 	SUBI R26,LOW(-@1)
                 	SBCI R27,HIGH(-@1)
                 	ST   X,R30
                 	.ENDM
                 
                 	.MACRO __PUTW1SNX
                 	MOVW R26,R28
                 	SUBI R26,LOW(-@0)
                 	SBCI R27,HIGH(-@0)
                 	LD   R0,X+
                 	LD   R27,X
                 	MOV  R26,R0
                 	SUBI R26,LOW(-@1)
                 	SBCI R27,HIGH(-@1)
                 	ST   X+,R30
                 	ST   X,R31
                 	.ENDM
                 
                 	.MACRO __PUTD1SNX
                 	MOVW R26,R28
                 	SUBI R26,LOW(-@0)
                 	SBCI R27,HIGH(-@0)
                 	LD   R0,X+
                 	LD   R27,X
                 	MOV  R26,R0
                 	SUBI R26,LOW(-@1)
                 	SBCI R27,HIGH(-@1)
                 	ST   X+,R30
                 	ST   X+,R31
                 	ST   X+,R22
                 	ST   X,R23
                 	.ENDM
                 
                 	.MACRO __MULBRR
                 	MULS R@0,R@1
                 	MOVW R30,R0
                 	.ENDM
                 
                 	.MACRO __MULBRRU
                 	MUL  R@0,R@1
                 	MOVW R30,R0
                 	.ENDM
                 
                 	.MACRO __MULBRR0
                 	MULS R@0,R@1
                 	.ENDM
                 
                 	.MACRO __MULBRRU0
                 	MUL  R@0,R@1
                 	.ENDM
                 
                 	.MACRO __MULBNWRU
                 	LDI  R26,@2
                 	MUL  R26,R@0
                 	MOVW R30,R0
                 	MUL  R26,R@1
                 	ADD  R31,R0
                 	.ENDM
                 
                 ;NAME DEFINITIONS FOR GLOBAL VARIABLES ALLOCATED TO REGISTERS
                 	.DEF _n=R4
                 	.DEF _n_msb=R5
                 	.DEF _second=R6
                 	.DEF _second_msb=R7
                 	.DEF _minute=R8
                 	.DEF _minute_msb=R9
                 	.DEF _hour=R10
                 	.DEF _hour_msb=R11
                 
                 	.CSEG
                 	.ORG 0x00
                 
                 ;START OF CODE MARKER
                 __START_OF_CODE:
                 
                 ;INTERRUPT VECTORS
000000 940c 003c 	JMP  __RESET
000002 940c 0000 	JMP  0x00
000004 940c 0000 	JMP  0x00
000006 940c 0000 	JMP  0x00
000008 940c 0000 	JMP  0x00
00000a 940c 0000 	JMP  0x00
00000c 940c 0000 	JMP  0x00
00000e 940c 0000 	JMP  0x00
000010 940c 0000 	JMP  0x00
000012 940c 0000 	JMP  0x00
000014 940c 0000 	JMP  0x00
000016 940c 0000 	JMP  0x00
000018 940c 0000 	JMP  0x00
00001a 940c 0000 	JMP  0x00
00001c 940c 0000 	JMP  0x00
00001e 940c 0000 	JMP  0x00
000020 940c 0000 	JMP  0x00
000022 940c 0000 	JMP  0x00
000024 940c 0000 	JMP  0x00
000026 940c 0000 	JMP  0x00
000028 940c 0000 	JMP  0x00
                 
                 _control:
00002a fdfe
00002b f7fb
00002c dfef
00002d 7fbf      	.DB  0xFE,0xFD,0xFB,0xF7,0xEF,0xDF,0xBF,0x7F
                 _seven:
00002e 063f
00002f 4f5b
000030 6d66
000031 077d      	.DB  0x3F,0x6,0x5B,0x4F,0x66,0x6D,0x7D,0x7
000032 6f7f      	.DB  0x7F,0x6F
                 _sevendp:
F:\Project Microproccer\Ù¾Ø±ÙˆÚ˜Ù‡ Ø³Ø§Ø¹Øª Ø¯ÛŒØ¬ÛŒØªØ§Ù„\code vision\Debug\List\Shervin khalili - Sadra trme baf.asm(1132): warning: .cseg .db misalignment - padding zero byte
000033 0080      	.DB  0x80
                 
                 ;GLOBAL REGISTER VARIABLES INITIALIZATION
                 __REG_VARS:
000034 0000
000035 0000      	.DB  0x0,0x0,0x0,0x0
000036 0000
000037 0000      	.DB  0x0,0x0,0x0,0x0
                 
                 
                 __GLOBAL_INI_TBL:
000038 0008      	.DW  0x08
000039 0004      	.DW  0x04
00003a 0068      	.DW  __REG_VARS*2
                 
                 _0xFFFFFFFF:
00003b 0000      	.DW  0
                 
                 #define __GLOBAL_INI_TBL_PRESENT 1
                 
                 __RESET:
00003c 94f8      	CLI
00003d 27ee      	CLR  R30
00003e bbec      	OUT  EECR,R30
                 
                 ;INTERRUPT VECTORS ARE PLACED
                 ;AT THE START OF FLASH
00003f e0f1      	LDI  R31,1
000040 bffb      	OUT  GICR,R31
000041 bfeb      	OUT  GICR,R30
000042 bfe5      	OUT  MCUCR,R30
                 
                 ;CLEAR R2-R14
000043 e08d      	LDI  R24,(14-2)+1
000044 e0a2      	LDI  R26,2
000045 27bb      	CLR  R27
                 __CLEAR_REG:
000046 93ed      	ST   X+,R30
000047 958a      	DEC  R24
000048 f7e9      	BRNE __CLEAR_REG
                 
                 ;CLEAR SRAM
000049 e080      	LDI  R24,LOW(__CLEAR_SRAM_SIZE)
00004a e098      	LDI  R25,HIGH(__CLEAR_SRAM_SIZE)
00004b e6a0      	LDI  R26,__SRAM_START
                 __CLEAR_SRAM:
00004c 93ed      	ST   X+,R30
00004d 9701      	SBIW R24,1
00004e f7e9      	BRNE __CLEAR_SRAM
                 
                 ;GLOBAL VARIABLES INITIALIZATION
00004f e7e0      	LDI  R30,LOW(__GLOBAL_INI_TBL*2)
000050 e0f0      	LDI  R31,HIGH(__GLOBAL_INI_TBL*2)
                 __GLOBAL_INI_NEXT:
000051 9185      	LPM  R24,Z+
000052 9195      	LPM  R25,Z+
000053 9700      	SBIW R24,0
000054 f061      	BREQ __GLOBAL_INI_END
000055 91a5      	LPM  R26,Z+
000056 91b5      	LPM  R27,Z+
000057 9005      	LPM  R0,Z+
000058 9015      	LPM  R1,Z+
000059 01bf      	MOVW R22,R30
00005a 01f0      	MOVW R30,R0
                 __GLOBAL_INI_LOOP:
00005b 9005      	LPM  R0,Z+
00005c 920d      	ST   X+,R0
00005d 9701      	SBIW R24,1
00005e f7e1      	BRNE __GLOBAL_INI_LOOP
00005f 01fb      	MOVW R30,R22
000060 cff0      	RJMP __GLOBAL_INI_NEXT
                 __GLOBAL_INI_END:
                 
                 ;HARDWARE STACK POINTER INITIALIZATION
000061 e5ef      	LDI  R30,LOW(__SRAM_END-__HEAP_SIZE)
000062 bfed      	OUT  SPL,R30
000063 e0e8      	LDI  R30,HIGH(__SRAM_END-__HEAP_SIZE)
000064 bfee      	OUT  SPH,R30
                 
                 ;DATA STACK POINTER INITIALIZATION
000065 e6c0      	LDI  R28,LOW(__SRAM_START+__DSTACK_SIZE)
000066 e0d2      	LDI  R29,HIGH(__SRAM_START+__DSTACK_SIZE)
                 
000067 940c 0069 	JMP  _main
                 
                 	.ESEG
                 	.ORG 0
                 
                 	.DSEG
                 	.ORG 0x260
                 
                 	.CSEG
                 ;/*
                 ; * Shervin khalili
                 ; *
                 ; * Created: 11/12/2021 09:47:08 È.Ù
                 ; * Author: admin
                 ; */
                 ;
                 ;#include <io.h>
                 	#ifndef __SLEEP_DEFINED__
                 	#define __SLEEP_DEFINED__
                 	.EQU __se_bit=0x80
                 	.EQU __sm_mask=0x70
                 	.EQU __sm_powerdown=0x20
                 	.EQU __sm_powersave=0x30
                 	.EQU __sm_standby=0x60
                 	.EQU __sm_ext_standby=0x70
                 	.EQU __sm_adc_noise_red=0x10
                 	.SET power_ctrl_reg=mcucr
                 	#endif
                 ; #include <mega32.h>
                 ; #define F_CPU 1000000
                 ; #include <interrupt.h>
                 ;	flags -> R17
                 
                 	.CSEG
                 ; #include <delay.h>
                 ; int n=0,second=0,minute=0 , hour=0;
                 ; flash char control [8] ={0b11111110,0b11111101,0b11111011,0b11110111,0b11101111,0b11011111,0b10111111,0b01111111};
                 ; flash char seven [10] = {0x3f,0x06,0x5b,0x4f,0x66,0x6d,0x7d,0x07,0x7f,0x6f};
                 ; flash char sevendp [1] = {0x80};      // '.' bein clock
                 ;
                 ;void main(void)
                 ; 0000 0013 {
                 _main:
                 ; .FSTART _main
                 ; 0000 0014   int start;
                 ; 0000 0015  DDRA = 0XFF;
                 ;	start -> R16,R17
000069 efef      	LDI  R30,LOW(255)
00006a bbea      	OUT  0x1A,R30
                 ; 0000 0016  DDRC = 0XFF;
00006b bbe4      	OUT  0x14,R30
                 ; 0000 0017  DDRD = 0XFF;
00006c bbe1      	OUT  0x11,R30
                 ; 0000 0018  start=1;
                +
00006d e001     +LDI R16 , LOW ( 1 )
00006e e010     +LDI R17 , HIGH ( 1 )
                 	__GETWRN 16,17,1
                 ; 0000 0019 while (1)
                 _0x4:
                 ; 0000 001A     {
                 ; 0000 001B     // Please write your application code here
                 ; 0000 001C         PORTC = control[0];
00006f e5e4      	LDI  R30,LOW(_control*2)
000070 e0f0      	LDI  R31,HIGH(_control*2)
000071 9004      	LPM  R0,Z
000072 ba05      	OUT  0x15,R0
                 ; 0000 001D           PORTA = seven[second % 10];
000073 01d3      	MOVW R26,R6
000074 d0d1      	RCALL SUBOPT_0x0
                 ; 0000 001E           delay_ms(5);
                 ; 0000 001F        PORTC = control [1];
                +
000075 e5e5     +LDI R30 , LOW ( 2 * _control + ( 1 ) )
000076 e0f0     +LDI R31 , HIGH ( 2 * _control + ( 1 ) )
                 	__POINTW1FN _control,1
000077 9004      	LPM  R0,Z
000078 ba05      	OUT  0x15,R0
                 ; 0000 0020           PORTA = seven[second /10];
000079 01d3      	MOVW R26,R6
00007a d0d7      	RCALL SUBOPT_0x1
                 ; 0000 0021           delay_ms(5);
                 ; 0000 0022        PORTC = control[2];
                +
00007b e5e6     +LDI R30 , LOW ( 2 * _control + ( 2 ) )
00007c e0f0     +LDI R31 , HIGH ( 2 * _control + ( 2 ) )
                 	__POINTW1FN _control,2
00007d d0e0      	RCALL SUBOPT_0x2
                 ; 0000 0023           PORTA = sevendp[0];
                 ; 0000 0024           delay_ms(5);
                 ; 0000 0025        PORTC = control[3];
                +
00007e e5e7     +LDI R30 , LOW ( 2 * _control + ( 3 ) )
00007f e0f0     +LDI R31 , HIGH ( 2 * _control + ( 3 ) )
                 	__POINTW1FN _control,3
000080 9004      	LPM  R0,Z
000081 ba05      	OUT  0x15,R0
                 ; 0000 0026           PORTA = seven[minute % 10];
000082 01d4      	MOVW R26,R8
000083 d0c2      	RCALL SUBOPT_0x0
                 ; 0000 0027           delay_ms(5);
                 ; 0000 0028        PORTC = control [4];
                +
000084 e5e8     +LDI R30 , LOW ( 2 * _control + ( 4 ) )
000085 e0f0     +LDI R31 , HIGH ( 2 * _control + ( 4 ) )
                 	__POINTW1FN _control,4
000086 9004      	LPM  R0,Z
000087 ba05      	OUT  0x15,R0
                 ; 0000 0029           PORTA = seven[minute /10];
000088 01d4      	MOVW R26,R8
000089 d0c8      	RCALL SUBOPT_0x1
                 ; 0000 002A           delay_ms(5);
                 ; 0000 002B        PORTC = control [5];
                +
00008a e5e9     +LDI R30 , LOW ( 2 * _control + ( 5 ) )
00008b e0f0     +LDI R31 , HIGH ( 2 * _control + ( 5 ) )
                 	__POINTW1FN _control,5
00008c d0d1      	RCALL SUBOPT_0x2
                 ; 0000 002C           PORTA = sevendp[0];
                 ; 0000 002D           delay_ms(5);
                 ; 0000 002E        PORTC = control[6];
                +
00008d e5ea     +LDI R30 , LOW ( 2 * _control + ( 6 ) )
00008e e0f0     +LDI R31 , HIGH ( 2 * _control + ( 6 ) )
                 	__POINTW1FN _control,6
00008f 9004      	LPM  R0,Z
000090 ba05      	OUT  0x15,R0
                 ; 0000 002F           PORTA = seven[hour % 10];
000091 01d5      	MOVW R26,R10
000092 d0b3      	RCALL SUBOPT_0x0
                 ; 0000 0030           delay_ms(5);
                 ; 0000 0031        PORTC = control [7];
                +
000093 e5eb     +LDI R30 , LOW ( 2 * _control + ( 7 ) )
000094 e0f0     +LDI R31 , HIGH ( 2 * _control + ( 7 ) )
                 	__POINTW1FN _control,7
000095 9004      	LPM  R0,Z
000096 ba05      	OUT  0x15,R0
                 ; 0000 0032           PORTA = seven[hour /10];
000097 01d5      	MOVW R26,R10
000098 d0b9      	RCALL SUBOPT_0x1
                 ; 0000 0033           delay_ms(5);
                 ; 0000 0034           if (start==1)
000099 e0e1      	LDI  R30,LOW(1)
00009a e0f0      	LDI  R31,HIGH(1)
00009b 17e0      	CP   R30,R16
00009c 07f1      	CPC  R31,R17
00009d f009      	BREQ PC+2
00009e c047      	RJMP _0x7
                 ; 0000 0035     {
                 ; 0000 0036          if(PIND.1==0)     //ziyad v kam shdon autmoat
00009f 9981      	SBIC 0x10,1
0000a0 c023      	RJMP _0x8
                 ; 0000 0037          {
                 ; 0000 0038              n++; // n ye jori shabi be delay ast
0000a1 d0c6      	RCALL SUBOPT_0x3
                 ; 0000 0039             if(n >= 3){
0000a2 f104      	BRLT _0x9
                 ; 0000 003A                second++;
0000a3 01f3      	MOVW R30,R6
0000a4 9631      	ADIW R30,1
0000a5 013f      	MOVW R6,R30
                 ; 0000 003B                if(second >=60){
0000a6 e3ec      	LDI  R30,LOW(60)
0000a7 e0f0      	LDI  R31,HIGH(60)
0000a8 166e      	CP   R6,R30
0000a9 067f      	CPC  R7,R31
0000aa f0b4      	BRLT _0xA
                 ; 0000 003C                   minute++;
0000ab 01f4      	MOVW R30,R8
0000ac 9631      	ADIW R30,1
0000ad 014f      	MOVW R8,R30
                 ; 0000 003D                   second = 0;
0000ae 2466      	CLR  R6
0000af 2477      	CLR  R7
                 ; 0000 003E                   if (minute >=60){
0000b0 e3ec      	LDI  R30,LOW(60)
0000b1 e0f0      	LDI  R31,HIGH(60)
0000b2 168e      	CP   R8,R30
0000b3 069f      	CPC  R9,R31
0000b4 f064      	BRLT _0xB
                 ; 0000 003F                      hour++;
0000b5 01f5      	MOVW R30,R10
0000b6 9631      	ADIW R30,1
0000b7 015f      	MOVW R10,R30
                 ; 0000 0040                      minute = 0;
0000b8 2488      	CLR  R8
0000b9 2499      	CLR  R9
                 ; 0000 0041                      if (hour >=24)
0000ba e1e8      	LDI  R30,LOW(24)
0000bb e0f0      	LDI  R31,HIGH(24)
0000bc 16ae      	CP   R10,R30
0000bd 06bf      	CPC  R11,R31
0000be f014      	BRLT _0xC
                 ; 0000 0042                         hour = 0;
0000bf 24aa      	CLR  R10
0000c0 24bb      	CLR  R11
                 ; 0000 0043                   }
                 _0xC:
                 ; 0000 0044                }
                 _0xB:
                 ; 0000 0045                n = 0;
                 _0xA:
0000c1 2444      	CLR  R4
0000c2 2455      	CLR  R5
                 ; 0000 0046             }
                 ; 0000 0047           }
                 _0x9:
                 ; 0000 0048        else
0000c3 c022      	RJMP _0xD
                 _0x8:
                 ; 0000 0049        {
                 ; 0000 004A             n++;   // n ye jori shabi be delay ast
0000c4 d0a3      	RCALL SUBOPT_0x3
                 ; 0000 004B             if(n >= 3){
0000c5 f104      	BRLT _0xE
                 ; 0000 004C                second--;
0000c6 01f3      	MOVW R30,R6
0000c7 9731      	SBIW R30,1
0000c8 013f      	MOVW R6,R30
                 ; 0000 004D                if(second <=0){
0000c9 2400      	CLR  R0
0000ca 1406      	CP   R0,R6
0000cb 0407      	CPC  R0,R7
0000cc f0bc      	BRLT _0xF
                 ; 0000 004E                   minute--;
0000cd 01f4      	MOVW R30,R8
0000ce 9731      	SBIW R30,1
0000cf 014f      	MOVW R8,R30
                 ; 0000 004F                   second = 59;
0000d0 e3eb      	LDI  R30,LOW(59)
0000d1 e0f0      	LDI  R31,HIGH(59)
0000d2 013f      	MOVW R6,R30
                 ; 0000 0050                   if (minute <=0){
0000d3 2400      	CLR  R0
0000d4 1408      	CP   R0,R8
0000d5 0409      	CPC  R0,R9
0000d6 f06c      	BRLT _0x10
                 ; 0000 0051                      hour--;
0000d7 01f5      	MOVW R30,R10
0000d8 9731      	SBIW R30,1
0000d9 015f      	MOVW R10,R30
                 ; 0000 0052                      minute = 59;
0000da e3eb      	LDI  R30,LOW(59)
0000db e0f0      	LDI  R31,HIGH(59)
0000dc 014f      	MOVW R8,R30
                 ; 0000 0053                      if (hour <=0)
0000dd 2400      	CLR  R0
0000de 140a      	CP   R0,R10
0000df 040b      	CPC  R0,R11
0000e0 f01c      	BRLT _0x11
                 ; 0000 0054                         hour = 23;
0000e1 e1e7      	LDI  R30,LOW(23)
0000e2 e0f0      	LDI  R31,HIGH(23)
0000e3 015f      	MOVW R10,R30
                 ; 0000 0055                   }
                 _0x11:
                 ; 0000 0056                }
                 _0x10:
                 ; 0000 0057                n = 0;
                 _0xF:
0000e4 2444      	CLR  R4
0000e5 2455      	CLR  R5
                 ; 0000 0058             }
                 ; 0000 0059 
                 ; 0000 005A        }
                 _0xE:
                 _0xD:
                 ; 0000 005B     }
                 ; 0000 005C           if(PIND.0==1)          //roshan v khamosh kardan
                 _0x7:
0000e6 9b80      	SBIS 0x10,0
0000e7 c003      	RJMP _0x12
                 ; 0000 005D           {
                 ; 0000 005E            start=0;
                +
0000e8 e000     +LDI R16 , LOW ( 0 )
0000e9 e010     +LDI R17 , HIGH ( 0 )
                 	__GETWRN 16,17,0
                 ; 0000 005F            }
                 ; 0000 0060           else
0000ea c002      	RJMP _0x13
                 _0x12:
                 ; 0000 0061           {
                 ; 0000 0062            start=1;
                +
0000eb e001     +LDI R16 , LOW ( 1 )
0000ec e010     +LDI R17 , HIGH ( 1 )
                 	__GETWRN 16,17,1
                 ; 0000 0063            }
                 _0x13:
                 ; 0000 0064 
                 ; 0000 0065            if(PIND.5==0)    // dasti ziyad v kam mikond
0000ed 9985      	SBIC 0x10,5
0000ee c02b      	RJMP _0x14
                 ; 0000 0066            {
                 ; 0000 0067             if(PIND.2==1)
0000ef 9b82      	SBIS 0x10,2
0000f0 c00c      	RJMP _0x15
                 ; 0000 0068             {
                 ; 0000 0069              delay_ms(200);
0000f1 d07e      	RCALL SUBOPT_0x4
                 ; 0000 006A              hour++;
0000f2 01f5      	MOVW R30,R10
0000f3 9631      	ADIW R30,1
0000f4 015f      	MOVW R10,R30
0000f5 9731      	SBIW R30,1
                 ; 0000 006B               if (hour>=24)
0000f6 e1e8      	LDI  R30,LOW(24)
0000f7 e0f0      	LDI  R31,HIGH(24)
0000f8 16ae      	CP   R10,R30
0000f9 06bf      	CPC  R11,R31
0000fa f014      	BRLT _0x16
                 ; 0000 006C               hour=0;
0000fb 24aa      	CLR  R10
0000fc 24bb      	CLR  R11
                 ; 0000 006D             }
                 _0x16:
                 ; 0000 006E             if(PIND.3==1)
                 _0x15:
0000fd 9b83      	SBIS 0x10,3
0000fe c00c      	RJMP _0x17
                 ; 0000 006F             {
                 ; 0000 0070             delay_ms(200);
0000ff d070      	RCALL SUBOPT_0x4
                 ; 0000 0071             minute++;
000100 01f4      	MOVW R30,R8
000101 9631      	ADIW R30,1
000102 014f      	MOVW R8,R30
000103 9731      	SBIW R30,1
                 ; 0000 0072             if (minute>=60)
000104 e3ec      	LDI  R30,LOW(60)
000105 e0f0      	LDI  R31,HIGH(60)
000106 168e      	CP   R8,R30
000107 069f      	CPC  R9,R31
000108 f014      	BRLT _0x18
                 ; 0000 0073             minute=0;
000109 2488      	CLR  R8
00010a 2499      	CLR  R9
                 ; 0000 0074             }
                 _0x18:
                 ; 0000 0075             if(PIND.4==1)
                 _0x17:
00010b 9b84      	SBIS 0x10,4
00010c c00c      	RJMP _0x19
                 ; 0000 0076             {
                 ; 0000 0077             delay_ms(200);
00010d d062      	RCALL SUBOPT_0x4
                 ; 0000 0078             second++;
00010e 01f3      	MOVW R30,R6
00010f 9631      	ADIW R30,1
000110 013f      	MOVW R6,R30
000111 9731      	SBIW R30,1
                 ; 0000 0079             if (second>=60)
000112 e3ec      	LDI  R30,LOW(60)
000113 e0f0      	LDI  R31,HIGH(60)
000114 166e      	CP   R6,R30
000115 067f      	CPC  R7,R31
000116 f014      	BRLT _0x1A
                 ; 0000 007A             second=0;
000117 2466      	CLR  R6
000118 2477      	CLR  R7
                 ; 0000 007B             }
                 _0x1A:
                 ; 0000 007C             }
                 _0x19:
                 ; 0000 007D             else
000119 c02a      	RJMP _0x1B
                 _0x14:
                 ; 0000 007E             {
                 ; 0000 007F             if(PIND.2==1)
00011a 9b82      	SBIS 0x10,2
00011b c00c      	RJMP _0x1C
                 ; 0000 0080             {
                 ; 0000 0081             delay_ms(200);
00011c d053      	RCALL SUBOPT_0x4
                 ; 0000 0082             hour--;
00011d 01f5      	MOVW R30,R10
00011e 9731      	SBIW R30,1
00011f 015f      	MOVW R10,R30
000120 9631      	ADIW R30,1
                 ; 0000 0083             if (hour<=0)
000121 2400      	CLR  R0
000122 140a      	CP   R0,R10
000123 040b      	CPC  R0,R11
000124 f01c      	BRLT _0x1D
                 ; 0000 0084             hour=23;
000125 e1e7      	LDI  R30,LOW(23)
000126 e0f0      	LDI  R31,HIGH(23)
000127 015f      	MOVW R10,R30
                 ; 0000 0085             }
                 _0x1D:
                 ; 0000 0086             if(PIND.3==1)
                 _0x1C:
000128 9b83      	SBIS 0x10,3
000129 c00c      	RJMP _0x1E
                 ; 0000 0087             {
                 ; 0000 0088             delay_ms(200);
00012a d045      	RCALL SUBOPT_0x4
                 ; 0000 0089             minute--;
00012b 01f4      	MOVW R30,R8
00012c 9731      	SBIW R30,1
00012d 014f      	MOVW R8,R30
00012e 9631      	ADIW R30,1
                 ; 0000 008A             if (minute<=0)
00012f 2400      	CLR  R0
000130 1408      	CP   R0,R8
000131 0409      	CPC  R0,R9
000132 f01c      	BRLT _0x1F
                 ; 0000 008B             minute=59;
000133 e3eb      	LDI  R30,LOW(59)
000134 e0f0      	LDI  R31,HIGH(59)
000135 014f      	MOVW R8,R30
                 ; 0000 008C             }
                 _0x1F:
                 ; 0000 008D             if(PIND.4==1)
                 _0x1E:
000136 9b84      	SBIS 0x10,4
000137 c00c      	RJMP _0x20
                 ; 0000 008E             {
                 ; 0000 008F             delay_ms(200);
000138 d037      	RCALL SUBOPT_0x4
                 ; 0000 0090             second--;
000139 01f3      	MOVW R30,R6
00013a 9731      	SBIW R30,1
00013b 013f      	MOVW R6,R30
00013c 9631      	ADIW R30,1
                 ; 0000 0091             if (second<=0)
00013d 2400      	CLR  R0
00013e 1406      	CP   R0,R6
00013f 0407      	CPC  R0,R7
000140 f01c      	BRLT _0x21
                 ; 0000 0092             second=59;
000141 e3eb      	LDI  R30,LOW(59)
000142 e0f0      	LDI  R31,HIGH(59)
000143 013f      	MOVW R6,R30
                 ; 0000 0093             }
                 _0x21:
                 ; 0000 0094            }
                 _0x20:
                 _0x1B:
                 ; 0000 0095     }
000144 cf2a      	RJMP _0x4
                 ; 0000 0096 
                 ; 0000 0097 }
                 _0x22:
000145 cfff      	RJMP _0x22
                 ; .FEND
                 ;
                 ;
                 ;// interrupt[TIM0_OVF]void timer0_ovf_isr (void)
                 ;// {
                 ;//    if(PIND.1==0)
                 ;//         n++;
                 ;//            if(n >= 1953){
                 ;//               second++;
                 ;//               if(second >=60){
                 ;//                  minute++;
                 ;//                  second = 0;
                 ;//                  if (minute >=60){
                 ;//                     hour++;
                 ;//                     minute = 0;
                 ;//                     if (hour >=24)
                 ;//                        hour = 0;
                 ;//                  }
                 ;//               }
                 ;//               n = 0;
                 ;//            }
                 ;//
                 ;//       else
                 ;//       {
                 ;//            n++;
                 ;//            if(n >= 1953){
                 ;//               second--;
                 ;//               if(second <=0){
                 ;//                  minute--;
                 ;//                  second = 59;
                 ;//                  if (minute <=0){
                 ;//                     hour--;
                 ;//                     minute = 59;
                 ;//                     if (hour <=0)
                 ;//                        hour = 23;
                 ;//                  }
                 ;//               }
                 ;//               n = 0;
                 ;//            }
                 ;
                 ;//       }
                 ;//}
                 ;//void main(void)
                 ;// DDRA = 0XFF;
                 ;// DDRC = 0XFF;
                 ;//// TCCR0 = 0X01;
                 ;//// TIMSK = 0B00000001;
                 ;// DDRD=0XFF;
                 ;//    //sei ();
                 ;//   // #asm("sei")
                 ;// while(1)
                 ;// if(PIND.0==1)
                 ;//          {
                 ;//           start=0;
                 ;//           PORTD.0=0;
                 ;////           TIMSK = 0B00000000;
                 ;//
                 ;//           }
                 ;// else
                 ;//          {
                 ;//           start=1;
                 ;//           PORTD.0=1;
                 ;////           TIMSK = 0B00000001;
                 ;//           }
                 ;
                 
                 	.CSEG
                 ;OPTIMIZER ADDED SUBROUTINE, CALLED 3 TIMES, CODE SIZE REDUCTION:17 WORDS
                 SUBOPT_0x0:
000146 e0ea      	LDI  R30,LOW(10)
000147 e0f0      	LDI  R31,HIGH(10)
000148 940e 019a 	CALL __MODW21
00014a 5ae4      	SUBI R30,LOW(-_seven*2)
00014b 4fff      	SBCI R31,HIGH(-_seven*2)
00014c 9004      	LPM  R0,Z
00014d ba0b      	OUT  0x1B,R0
00014e e0a5      	LDI  R26,LOW(5)
00014f e0b0      	LDI  R27,0
000150 940c 0174 	JMP  _delay_ms
                 
                 ;OPTIMIZER ADDED SUBROUTINE, CALLED 3 TIMES, CODE SIZE REDUCTION:17 WORDS
                 SUBOPT_0x1:
000152 e0ea      	LDI  R30,LOW(10)
000153 e0f0      	LDI  R31,HIGH(10)
000154 940e 0195 	CALL __DIVW21
000156 5ae4      	SUBI R30,LOW(-_seven*2)
000157 4fff      	SBCI R31,HIGH(-_seven*2)
000158 9004      	LPM  R0,Z
000159 ba0b      	OUT  0x1B,R0
00015a e0a5      	LDI  R26,LOW(5)
00015b e0b0      	LDI  R27,0
00015c 940c 0174 	JMP  _delay_ms
                 
                 ;OPTIMIZER ADDED SUBROUTINE, CALLED 2 TIMES, CODE SIZE REDUCTION:5 WORDS
                 SUBOPT_0x2:
00015e 9004      	LPM  R0,Z
00015f ba05      	OUT  0x15,R0
000160 e6e6      	LDI  R30,LOW(_sevendp*2)
000161 e0f0      	LDI  R31,HIGH(_sevendp*2)
000162 9004      	LPM  R0,Z
000163 ba0b      	OUT  0x1B,R0
000164 e0a5      	LDI  R26,LOW(5)
000165 e0b0      	LDI  R27,0
000166 940c 0174 	JMP  _delay_ms
                 
                 ;OPTIMIZER ADDED SUBROUTINE, CALLED 2 TIMES, CODE SIZE REDUCTION:2 WORDS
                 SUBOPT_0x3:
000168 01f2      	MOVW R30,R4
000169 9631      	ADIW R30,1
00016a 012f      	MOVW R4,R30
00016b e0e3      	LDI  R30,LOW(3)
00016c e0f0      	LDI  R31,HIGH(3)
00016d 164e      	CP   R4,R30
00016e 065f      	CPC  R5,R31
00016f 9508      	RET
                 
                 ;OPTIMIZER ADDED SUBROUTINE, CALLED 6 TIMES, CODE SIZE REDUCTION:7 WORDS
                 SUBOPT_0x4:
000170 eca8      	LDI  R26,LOW(200)
000171 e0b0      	LDI  R27,0
000172 940c 0174 	JMP  _delay_ms
                 
                 
                 	.CSEG
                 _delay_ms:
000174 9610      	adiw r26,0
000175 f039      	breq __delay_ms1
                 __delay_ms0:
                +
000176 ef8a     +LDI R24 , LOW ( 0xFA )
000177 e090     +LDI R25 , HIGH ( 0xFA )
                +__DELAY_USW_LOOP :
000178 9701     +SBIW R24 , 1
000179 f7f1     +BRNE __DELAY_USW_LOOP
                 	__DELAY_USW 0xFA
00017a 95a8      	wdr
00017b 9711      	sbiw r26,1
00017c f7c9      	brne __delay_ms0
                 __delay_ms1:
00017d 9508      	ret
                 
                 __ANEGW1:
00017e 95f1      	NEG  R31
00017f 95e1      	NEG  R30
000180 40f0      	SBCI R31,0
000181 9508      	RET
                 
                 __DIVW21U:
000182 2400      	CLR  R0
000183 2411      	CLR  R1
000184 e190      	LDI  R25,16
                 __DIVW21U1:
000185 0faa      	LSL  R26
000186 1fbb      	ROL  R27
000187 1c00      	ROL  R0
000188 1c11      	ROL  R1
000189 1a0e      	SUB  R0,R30
00018a 0a1f      	SBC  R1,R31
00018b f418      	BRCC __DIVW21U2
00018c 0e0e      	ADD  R0,R30
00018d 1e1f      	ADC  R1,R31
00018e c001      	RJMP __DIVW21U3
                 __DIVW21U2:
00018f 60a1      	SBR  R26,1
                 __DIVW21U3:
000190 959a      	DEC  R25
000191 f799      	BRNE __DIVW21U1
000192 01fd      	MOVW R30,R26
000193 01d0      	MOVW R26,R0
000194 9508      	RET
                 
                 __DIVW21:
000195 d012      	RCALL __CHKSIGNW
000196 dfeb      	RCALL __DIVW21U
000197 f40e      	BRTC __DIVW211
000198 dfe5      	RCALL __ANEGW1
                 __DIVW211:
000199 9508      	RET
                 
                 __MODW21:
00019a 94e8      	CLT
00019b ffb7      	SBRS R27,7
00019c c004      	RJMP __MODW211
00019d 95a0      	COM  R26
00019e 95b0      	COM  R27
00019f 9611      	ADIW R26,1
0001a0 9468      	SET
                 __MODW211:
0001a1 fdf7      	SBRC R31,7
0001a2 dfdb      	RCALL __ANEGW1
0001a3 dfde      	RCALL __DIVW21U
0001a4 01fd      	MOVW R30,R26
0001a5 f40e      	BRTC __MODW212
0001a6 dfd7      	RCALL __ANEGW1
                 __MODW212:
0001a7 9508      	RET
                 
                 __CHKSIGNW:
0001a8 94e8      	CLT
0001a9 fff7      	SBRS R31,7
0001aa c002      	RJMP __CHKSW1
0001ab dfd2      	RCALL __ANEGW1
0001ac 9468      	SET
                 __CHKSW1:
0001ad ffb7      	SBRS R27,7
0001ae c006      	RJMP __CHKSW2
0001af 95a0      	COM  R26
0001b0 95b0      	COM  R27
0001b1 9611      	ADIW R26,1
0001b2 f800      	BLD  R0,0
0001b3 9403      	INC  R0
0001b4 fa00      	BST  R0,0
                 __CHKSW2:
0001b5 9508      	RET
                 
                 ;END OF CODE MARKER
                 __END_OF_CODE:


RESOURCE USE INFORMATION
------------------------

Notice:
The register and instruction counts are symbol table hit counts,
and hence implicitly used resources are not counted, eg, the
'lpm' instruction without operands implicitly uses r0 and z,
none of which are counted.

x,y,z are separate entities in the symbol table and are
counted separately from r26..r31 here.

.dseg memory usage only counts static data declared with .byte

ATmega32 register use summary:
r0 :  50 r1 :   5 r2 :   0 r3 :   0 r4 :   5 r5 :   3 r6 :  18 r7 :   6 
r8 :  18 r9 :   6 r10:  18 r11:   6 r12:   0 r13:   0 r14:   0 r15:   0 
r16:   4 r17:   4 r18:   0 r19:   0 r20:   0 r21:   0 r22:   2 r23:   0 
r24:   9 r25:   5 r26:  24 r27:  11 r28:   1 r29:   1 r30: 109 r31:  44 
x  :   3 y  :   0 z  :  17 
Registers used: 23 out of 35 (65.7%)

ATmega32 instruction use summary:
.lds  :   0 .lds.l:   0 .sts  :   0 .sts.l:   0 adc   :   1 add   :   1 
adiw  :  13 and   :   0 andi  :   0 asr   :   0 bclr  :   0 bld   :   1 
brbc  :   0 brbs  :   0 brcc  :   1 brcs  :   0 break :   0 breq  :   3 
brge  :   0 brhc  :   0 brhs  :   0 brid  :   0 brie  :   0 brlo  :   0 
brlt  :  14 brmi  :   0 brne  :   6 brpl  :   0 brsh  :   0 brtc  :   2 
brts  :   0 brvc  :   0 brvs  :   0 bset  :   0 bst   :   1 call  :   2 
cbi   :   0 cbr   :   0 clc   :   0 clh   :   0 cli   :   1 cln   :   0 
clr   :  26 cls   :   0 clt   :   2 clv   :   0 clz   :   0 com   :   4 
cp    :  14 cpc   :  14 cpi   :   0 cpse  :   0 dec   :   2 des   :   0 
eor   :   0 fmul  :   0 fmuls :   0 fmulsu:   0 icall :   0 ijmp  :   0 
in    :   0 inc   :   1 jmp   :  26 ld    :   0 ldd   :   0 ldi   :  80 
lds   :   0 lpm   :  27 lsl   :   1 lsr   :   0 mov   :   0 movw  :  44 
mul   :   0 muls  :   0 mulsu :   0 neg   :   2 nop   :   0 or    :   0 
ori   :   0 out   :  19 pop   :   0 push  :   0 rcall :  23 ret   :   7 
reti  :   0 rjmp  :  20 rol   :   3 ror   :   0 sbc   :   1 sbci  :   3 
sbi   :   0 sbic  :   2 sbis  :   7 sbiw  :  14 sbr   :   1 sbrc  :   1 
sbrs  :   3 sec   :   0 seh   :   0 sei   :   0 sen   :   0 ser   :   0 
ses   :   0 set   :   2 sev   :   0 sez   :   0 sleep :   0 spm   :   0 
st    :   3 std   :   0 sts   :   0 sub   :   1 subi  :   2 swap  :   0 
tst   :   0 wdr   :   1 
Instructions used: 43 out of 116 (37.1%)

ATmega32 memory use summary [bytes]:
Segment   Begin    End      Code   Data   Used    Size   Use%
---------------------------------------------------------------
[.cseg] 0x000000 0x00036c    840     36    876   32768   2.7%
[.dseg] 0x000060 0x000260      0      0      0    2048   0.0%
[.eseg] 0x000000 0x000000      0      0      0    1024   0.0%

Assembly complete, 0 errors, 9 warnings
